ARM GAS  C:\Users\MARTIN~2\AppData\Local\Temp\cctPhcVN.s 			page 1


   1              		.cpu cortex-m3
   2              		.eabi_attribute 20, 1
   3              		.eabi_attribute 21, 1
   4              		.eabi_attribute 23, 3
   5              		.eabi_attribute 24, 1
   6              		.eabi_attribute 25, 1
   7              		.eabi_attribute 26, 1
   8              		.eabi_attribute 30, 1
   9              		.eabi_attribute 34, 1
  10              		.eabi_attribute 18, 4
  11              		.file	"main.c"
  12              		.text
  13              	.Ltext0:
  14              		.cfi_sections	.debug_frame
  15              		.section	.text.SystemClock_Config,"ax",%progbits
  16              		.align	1
  17              		.global	SystemClock_Config
  18              		.syntax unified
  19              		.thumb
  20              		.thumb_func
  21              		.fpu softvfp
  23              	SystemClock_Config:
  24              	.LFB67:
  25              		.file 1 "Core/Src/main.c"
   1:Core/Src/main.c **** /* USER CODE BEGIN Header */
   2:Core/Src/main.c **** /**
   3:Core/Src/main.c ****   ******************************************************************************
   4:Core/Src/main.c ****   * @file           : main.c
   5:Core/Src/main.c ****   * @brief          : Main program body
   6:Core/Src/main.c ****   ******************************************************************************
   7:Core/Src/main.c ****   ** This notice applies to any and all portions of this file
   8:Core/Src/main.c ****   * that are not between comment pairs USER CODE BEGIN and
   9:Core/Src/main.c ****   * USER CODE END. Other portions of this file, whether 
  10:Core/Src/main.c ****   * inserted by the user or by software development tools
  11:Core/Src/main.c ****   * are owned by their respective copyright owners.
  12:Core/Src/main.c ****   *
  13:Core/Src/main.c ****   * COPYRIGHT(c) 2019 STMicroelectronics
  14:Core/Src/main.c ****   *
  15:Core/Src/main.c ****   * Redistribution and use in source and binary forms, with or without modification,
  16:Core/Src/main.c ****   * are permitted provided that the following conditions are met:
  17:Core/Src/main.c ****   *   1. Redistributions of source code must retain the above copyright notice,
  18:Core/Src/main.c ****   *      this list of conditions and the following disclaimer.
  19:Core/Src/main.c ****   *   2. Redistributions in binary form must reproduce the above copyright notice,
  20:Core/Src/main.c ****   *      this list of conditions and the following disclaimer in the documentation
  21:Core/Src/main.c ****   *      and/or other materials provided with the distribution.
  22:Core/Src/main.c ****   *   3. Neither the name of STMicroelectronics nor the names of its contributors
  23:Core/Src/main.c ****   *      may be used to endorse or promote products derived from this software
  24:Core/Src/main.c ****   *      without specific prior written permission.
  25:Core/Src/main.c ****   *
  26:Core/Src/main.c ****   * THIS SOFTWARE IS PROVIDED BY THE COPYRIGHT HOLDERS AND CONTRIBUTORS "AS IS"
  27:Core/Src/main.c ****   * AND ANY EXPRESS OR IMPLIED WARRANTIES, INCLUDING, BUT NOT LIMITED TO, THE
  28:Core/Src/main.c ****   * IMPLIED WARRANTIES OF MERCHANTABILITY AND FITNESS FOR A PARTICULAR PURPOSE ARE
  29:Core/Src/main.c ****   * DISCLAIMED. IN NO EVENT SHALL THE COPYRIGHT HOLDER OR CONTRIBUTORS BE LIABLE
  30:Core/Src/main.c ****   * FOR ANY DIRECT, INDIRECT, INCIDENTAL, SPECIAL, EXEMPLARY, OR CONSEQUENTIAL
  31:Core/Src/main.c ****   * DAMAGES (INCLUDING, BUT NOT LIMITED TO, PROCUREMENT OF SUBSTITUTE GOODS OR
  32:Core/Src/main.c ****   * SERVICES; LOSS OF USE, DATA, OR PROFITS; OR BUSINESS INTERRUPTION) HOWEVER
  33:Core/Src/main.c ****   * CAUSED AND ON ANY THEORY OF LIABILITY, WHETHER IN CONTRACT, STRICT LIABILITY,
ARM GAS  C:\Users\MARTIN~2\AppData\Local\Temp\cctPhcVN.s 			page 2


  34:Core/Src/main.c ****   * OR TORT (INCLUDING NEGLIGENCE OR OTHERWISE) ARISING IN ANY WAY OUT OF THE USE
  35:Core/Src/main.c ****   * OF THIS SOFTWARE, EVEN IF ADVISED OF THE POSSIBILITY OF SUCH DAMAGE.
  36:Core/Src/main.c ****   *
  37:Core/Src/main.c ****   ******************************************************************************
  38:Core/Src/main.c ****   */
  39:Core/Src/main.c **** /* USER CODE END Header */
  40:Core/Src/main.c **** 
  41:Core/Src/main.c **** /* Includes ------------------------------------------------------------------*/
  42:Core/Src/main.c **** #include "main.h"
  43:Core/Src/main.c **** 
  44:Core/Src/main.c **** /* Private includes ----------------------------------------------------------*/
  45:Core/Src/main.c **** /* USER CODE BEGIN Includes */
  46:Core/Src/main.c **** 
  47:Core/Src/main.c **** /* USER CODE END Includes */
  48:Core/Src/main.c **** 
  49:Core/Src/main.c **** /* Private typedef -----------------------------------------------------------*/
  50:Core/Src/main.c **** /* USER CODE BEGIN PTD */
  51:Core/Src/main.c **** 
  52:Core/Src/main.c **** /* USER CODE END PTD */
  53:Core/Src/main.c **** 
  54:Core/Src/main.c **** /* Private define ------------------------------------------------------------*/
  55:Core/Src/main.c **** /* USER CODE BEGIN PD */
  56:Core/Src/main.c **** 
  57:Core/Src/main.c **** /* USER CODE END PD */
  58:Core/Src/main.c **** 
  59:Core/Src/main.c **** /* Private macro -------------------------------------------------------------*/
  60:Core/Src/main.c **** /* USER CODE BEGIN PM */
  61:Core/Src/main.c **** 
  62:Core/Src/main.c **** /* USER CODE END PM */
  63:Core/Src/main.c **** 
  64:Core/Src/main.c **** /* Private variables ---------------------------------------------------------*/
  65:Core/Src/main.c **** 
  66:Core/Src/main.c **** /* USER CODE BEGIN PV */
  67:Core/Src/main.c **** 
  68:Core/Src/main.c **** /* USER CODE END PV */
  69:Core/Src/main.c **** 
  70:Core/Src/main.c **** /* Private function prototypes -----------------------------------------------*/
  71:Core/Src/main.c **** void SystemClock_Config(void);
  72:Core/Src/main.c **** /* USER CODE BEGIN PFP */
  73:Core/Src/main.c **** 
  74:Core/Src/main.c **** /* USER CODE END PFP */
  75:Core/Src/main.c **** 
  76:Core/Src/main.c **** /* Private user code ---------------------------------------------------------*/
  77:Core/Src/main.c **** /* USER CODE BEGIN 0 */
  78:Core/Src/main.c **** 
  79:Core/Src/main.c **** /* USER CODE END 0 */
  80:Core/Src/main.c **** 
  81:Core/Src/main.c **** /**
  82:Core/Src/main.c ****   * @brief  The application entry point.
  83:Core/Src/main.c ****   * @retval int
  84:Core/Src/main.c ****   */
  85:Core/Src/main.c **** int main(void)
  86:Core/Src/main.c **** {
  87:Core/Src/main.c ****   /* USER CODE BEGIN 1 */
  88:Core/Src/main.c **** 
  89:Core/Src/main.c ****   /* USER CODE END 1 */
  90:Core/Src/main.c **** 
ARM GAS  C:\Users\MARTIN~2\AppData\Local\Temp\cctPhcVN.s 			page 3


  91:Core/Src/main.c ****   /* MCU Configuration--------------------------------------------------------*/
  92:Core/Src/main.c **** 
  93:Core/Src/main.c ****   /* Reset of all peripherals, Initializes the Flash interface and the Systick. */
  94:Core/Src/main.c ****   HAL_Init();
  95:Core/Src/main.c **** 
  96:Core/Src/main.c ****   /* USER CODE BEGIN Init */
  97:Core/Src/main.c **** 
  98:Core/Src/main.c ****   /* USER CODE END Init */
  99:Core/Src/main.c **** 
 100:Core/Src/main.c ****   /* Configure the system clock */
 101:Core/Src/main.c ****   SystemClock_Config();
 102:Core/Src/main.c **** 
 103:Core/Src/main.c ****   /* USER CODE BEGIN SysInit */
 104:Core/Src/main.c **** 
 105:Core/Src/main.c ****   /* USER CODE END SysInit */
 106:Core/Src/main.c **** 
 107:Core/Src/main.c ****   /* Initialize all configured peripherals */
 108:Core/Src/main.c ****   /* USER CODE BEGIN 2 */
 109:Core/Src/main.c **** 
 110:Core/Src/main.c ****   /* USER CODE END 2 */
 111:Core/Src/main.c **** 
 112:Core/Src/main.c ****   /* Infinite loop */
 113:Core/Src/main.c ****   /* USER CODE BEGIN WHILE */
 114:Core/Src/main.c ****   while (1)
 115:Core/Src/main.c ****   {
 116:Core/Src/main.c ****     /* USER CODE END WHILE */
 117:Core/Src/main.c **** 
 118:Core/Src/main.c ****     /* USER CODE BEGIN 3 */
 119:Core/Src/main.c ****   }
 120:Core/Src/main.c ****   /* USER CODE END 3 */
 121:Core/Src/main.c **** }
 122:Core/Src/main.c **** 
 123:Core/Src/main.c **** /**
 124:Core/Src/main.c ****   * @brief System Clock Configuration
 125:Core/Src/main.c ****   * @retval None
 126:Core/Src/main.c ****   */
 127:Core/Src/main.c **** void SystemClock_Config(void)
 128:Core/Src/main.c **** {
  26              		.loc 1 128 0
  27              		.cfi_startproc
  28              		@ args = 0, pretend = 0, frame = 64
  29              		@ frame_needed = 0, uses_anonymous_args = 0
  30 0000 10B5     		push	{r4, lr}
  31              	.LCFI0:
  32              		.cfi_def_cfa_offset 8
  33              		.cfi_offset 4, -8
  34              		.cfi_offset 14, -4
  35 0002 90B0     		sub	sp, sp, #64
  36              	.LCFI1:
  37              		.cfi_def_cfa_offset 72
 129:Core/Src/main.c ****   RCC_OscInitTypeDef RCC_OscInitStruct = {0};
  38              		.loc 1 129 0
  39 0004 2422     		movs	r2, #36
  40 0006 0021     		movs	r1, #0
  41 0008 07A8     		add	r0, sp, #28
  42 000a FFF7FEFF 		bl	memset
  43              	.LVL0:
ARM GAS  C:\Users\MARTIN~2\AppData\Local\Temp\cctPhcVN.s 			page 4


 130:Core/Src/main.c ****   RCC_ClkInitTypeDef RCC_ClkInitStruct = {0};
  44              		.loc 1 130 0
  45 000e 0024     		movs	r4, #0
  46 0010 0194     		str	r4, [sp, #4]
  47 0012 0294     		str	r4, [sp, #8]
  48 0014 0394     		str	r4, [sp, #12]
  49 0016 0494     		str	r4, [sp, #16]
  50 0018 0594     		str	r4, [sp, #20]
 131:Core/Src/main.c **** 
 132:Core/Src/main.c ****   /**Initializes the CPU, AHB and APB busses clocks 
 133:Core/Src/main.c ****   */
 134:Core/Src/main.c ****   RCC_OscInitStruct.OscillatorType = RCC_OSCILLATORTYPE_HSI;
  51              		.loc 1 134 0
  52 001a 0223     		movs	r3, #2
  53 001c 0693     		str	r3, [sp, #24]
 135:Core/Src/main.c ****   RCC_OscInitStruct.HSIState = RCC_HSI_ON;
  54              		.loc 1 135 0
  55 001e 0123     		movs	r3, #1
  56 0020 0A93     		str	r3, [sp, #40]
 136:Core/Src/main.c ****   RCC_OscInitStruct.HSICalibrationValue = RCC_HSICALIBRATION_DEFAULT;
  57              		.loc 1 136 0
  58 0022 1023     		movs	r3, #16
  59 0024 0B93     		str	r3, [sp, #44]
 137:Core/Src/main.c ****   RCC_OscInitStruct.PLL.PLLState = RCC_PLL_NONE;
 138:Core/Src/main.c ****   if (HAL_RCC_OscConfig(&RCC_OscInitStruct) != HAL_OK)
  60              		.loc 1 138 0
  61 0026 06A8     		add	r0, sp, #24
  62 0028 FFF7FEFF 		bl	HAL_RCC_OscConfig
  63              	.LVL1:
 139:Core/Src/main.c ****   {
 140:Core/Src/main.c ****     Error_Handler();
 141:Core/Src/main.c ****   }
 142:Core/Src/main.c ****   /**Initializes the CPU, AHB and APB busses clocks 
 143:Core/Src/main.c ****   */
 144:Core/Src/main.c ****   RCC_ClkInitStruct.ClockType = RCC_CLOCKTYPE_HCLK|RCC_CLOCKTYPE_SYSCLK
  64              		.loc 1 144 0
  65 002c 0F23     		movs	r3, #15
  66 002e 0193     		str	r3, [sp, #4]
 145:Core/Src/main.c ****                               |RCC_CLOCKTYPE_PCLK1|RCC_CLOCKTYPE_PCLK2;
 146:Core/Src/main.c ****   RCC_ClkInitStruct.SYSCLKSource = RCC_SYSCLKSOURCE_HSI;
  67              		.loc 1 146 0
  68 0030 0294     		str	r4, [sp, #8]
 147:Core/Src/main.c ****   RCC_ClkInitStruct.AHBCLKDivider = RCC_SYSCLK_DIV1;
  69              		.loc 1 147 0
  70 0032 0394     		str	r4, [sp, #12]
 148:Core/Src/main.c ****   RCC_ClkInitStruct.APB1CLKDivider = RCC_HCLK_DIV1;
  71              		.loc 1 148 0
  72 0034 0494     		str	r4, [sp, #16]
 149:Core/Src/main.c ****   RCC_ClkInitStruct.APB2CLKDivider = RCC_HCLK_DIV1;
  73              		.loc 1 149 0
  74 0036 0594     		str	r4, [sp, #20]
 150:Core/Src/main.c **** 
 151:Core/Src/main.c ****   if (HAL_RCC_ClockConfig(&RCC_ClkInitStruct, FLASH_LATENCY_0) != HAL_OK)
  75              		.loc 1 151 0
  76 0038 2146     		mov	r1, r4
  77 003a 01A8     		add	r0, sp, #4
  78 003c FFF7FEFF 		bl	HAL_RCC_ClockConfig
ARM GAS  C:\Users\MARTIN~2\AppData\Local\Temp\cctPhcVN.s 			page 5


  79              	.LVL2:
 152:Core/Src/main.c ****   {
 153:Core/Src/main.c ****     Error_Handler();
 154:Core/Src/main.c ****   }
 155:Core/Src/main.c **** }
  80              		.loc 1 155 0
  81 0040 10B0     		add	sp, sp, #64
  82              	.LCFI2:
  83              		.cfi_def_cfa_offset 8
  84              		@ sp needed
  85 0042 10BD     		pop	{r4, pc}
  86              		.cfi_endproc
  87              	.LFE67:
  89              		.section	.text.main,"ax",%progbits
  90              		.align	1
  91              		.global	main
  92              		.syntax unified
  93              		.thumb
  94              		.thumb_func
  95              		.fpu softvfp
  97              	main:
  98              	.LFB66:
  86:Core/Src/main.c ****   /* USER CODE BEGIN 1 */
  99              		.loc 1 86 0
 100              		.cfi_startproc
 101              		@ Volatile: function does not return.
 102              		@ args = 0, pretend = 0, frame = 0
 103              		@ frame_needed = 0, uses_anonymous_args = 0
 104 0000 08B5     		push	{r3, lr}
 105              	.LCFI3:
 106              		.cfi_def_cfa_offset 8
 107              		.cfi_offset 3, -8
 108              		.cfi_offset 14, -4
  94:Core/Src/main.c **** 
 109              		.loc 1 94 0
 110 0002 FFF7FEFF 		bl	HAL_Init
 111              	.LVL3:
 101:Core/Src/main.c **** 
 112              		.loc 1 101 0
 113 0006 FFF7FEFF 		bl	SystemClock_Config
 114              	.LVL4:
 115              	.L4:
 116 000a FEE7     		b	.L4
 117              		.cfi_endproc
 118              	.LFE66:
 120              		.section	.text.Error_Handler,"ax",%progbits
 121              		.align	1
 122              		.global	Error_Handler
 123              		.syntax unified
 124              		.thumb
 125              		.thumb_func
 126              		.fpu softvfp
 128              	Error_Handler:
 129              	.LFB68:
 156:Core/Src/main.c **** 
 157:Core/Src/main.c **** /* USER CODE BEGIN 4 */
 158:Core/Src/main.c **** 
ARM GAS  C:\Users\MARTIN~2\AppData\Local\Temp\cctPhcVN.s 			page 6


 159:Core/Src/main.c **** /* USER CODE END 4 */
 160:Core/Src/main.c **** 
 161:Core/Src/main.c **** /**
 162:Core/Src/main.c ****   * @brief  This function is executed in case of error occurrence.
 163:Core/Src/main.c ****   * @retval None
 164:Core/Src/main.c ****   */
 165:Core/Src/main.c **** void Error_Handler(void)
 166:Core/Src/main.c **** {
 130              		.loc 1 166 0
 131              		.cfi_startproc
 132              		@ args = 0, pretend = 0, frame = 0
 133              		@ frame_needed = 0, uses_anonymous_args = 0
 134              		@ link register save eliminated.
 167:Core/Src/main.c ****   /* USER CODE BEGIN Error_Handler_Debug */
 168:Core/Src/main.c ****   /* User can add his own implementation to report the HAL error return state */
 169:Core/Src/main.c **** 
 170:Core/Src/main.c ****   /* USER CODE END Error_Handler_Debug */
 171:Core/Src/main.c **** }
 135              		.loc 1 171 0
 136 0000 7047     		bx	lr
 137              		.cfi_endproc
 138              	.LFE68:
 140              		.text
 141              	.Letext0:
 142              		.file 2 "d:\\development\\tools\\win-gcc-arm-none-eabi\\arm-none-eabi\\include\\machine\\_default_
 143              		.file 3 "d:\\development\\tools\\win-gcc-arm-none-eabi\\arm-none-eabi\\include\\sys\\_stdint.h"
 144              		.file 4 "Drivers/CMSIS/Include/core_cm3.h"
 145              		.file 5 "Drivers/CMSIS/Device/ST/STM32F1xx/Include/system_stm32f1xx.h"
 146              		.file 6 "d:\\development\\tools\\win-gcc-arm-none-eabi\\arm-none-eabi\\include\\sys\\lock.h"
 147              		.file 7 "d:\\development\\tools\\win-gcc-arm-none-eabi\\arm-none-eabi\\include\\sys\\_types.h"
 148              		.file 8 "d:\\development\\tools\\win-gcc-arm-none-eabi\\lib\\gcc\\arm-none-eabi\\7.3.1\\include\\s
 149              		.file 9 "d:\\development\\tools\\win-gcc-arm-none-eabi\\arm-none-eabi\\include\\sys\\reent.h"
 150              		.file 10 "Drivers/STM32F1xx_HAL_Driver/Inc/stm32f1xx_hal_rcc.h"
 151              		.file 11 "Drivers/STM32F1xx_HAL_Driver/Inc/stm32f1xx_hal_rcc_ex.h"
 152              		.file 12 "Drivers/STM32F1xx_HAL_Driver/Inc/stm32f1xx_hal_def.h"
 153              		.file 13 "Drivers/STM32F1xx_HAL_Driver/Inc/stm32f1xx_hal.h"
 154              		.file 14 "<built-in>"
ARM GAS  C:\Users\MARTIN~2\AppData\Local\Temp\cctPhcVN.s 			page 7


DEFINED SYMBOLS
                            *ABS*:00000000 main.c
C:\Users\MARTIN~2\AppData\Local\Temp\cctPhcVN.s:16     .text.SystemClock_Config:00000000 $t
C:\Users\MARTIN~2\AppData\Local\Temp\cctPhcVN.s:23     .text.SystemClock_Config:00000000 SystemClock_Config
C:\Users\MARTIN~2\AppData\Local\Temp\cctPhcVN.s:90     .text.main:00000000 $t
C:\Users\MARTIN~2\AppData\Local\Temp\cctPhcVN.s:97     .text.main:00000000 main
C:\Users\MARTIN~2\AppData\Local\Temp\cctPhcVN.s:121    .text.Error_Handler:00000000 $t
C:\Users\MARTIN~2\AppData\Local\Temp\cctPhcVN.s:128    .text.Error_Handler:00000000 Error_Handler

UNDEFINED SYMBOLS
memset
HAL_RCC_OscConfig
HAL_RCC_ClockConfig
HAL_Init
