ARM GAS  C:\Users\MARTIN~2\AppData\Local\Temp\ccBtNa53.s 			page 1


   1              		.cpu cortex-m3
   2              		.eabi_attribute 20, 1
   3              		.eabi_attribute 21, 1
   4              		.eabi_attribute 23, 3
   5              		.eabi_attribute 24, 1
   6              		.eabi_attribute 25, 1
   7              		.eabi_attribute 26, 1
   8              		.eabi_attribute 30, 1
   9              		.eabi_attribute 34, 1
  10              		.eabi_attribute 18, 4
  11              		.file	"stm32f1xx_it.c"
  12              		.text
  13              	.Ltext0:
  14              		.cfi_sections	.debug_frame
  15              		.section	.text.NMI_Handler,"ax",%progbits
  16              		.align	1
  17              		.global	NMI_Handler
  18              		.syntax unified
  19              		.thumb
  20              		.thumb_func
  21              		.fpu softvfp
  23              	NMI_Handler:
  24              	.LFB66:
  25              		.file 1 "Core/Src/stm32f1xx_it.c"
   1:Core/Src/stm32f1xx_it.c **** /* USER CODE BEGIN Header */
   2:Core/Src/stm32f1xx_it.c **** /**
   3:Core/Src/stm32f1xx_it.c ****   ******************************************************************************
   4:Core/Src/stm32f1xx_it.c ****   * @file    stm32f1xx_it.c
   5:Core/Src/stm32f1xx_it.c ****   * @brief   Interrupt Service Routines.
   6:Core/Src/stm32f1xx_it.c ****   ******************************************************************************
   7:Core/Src/stm32f1xx_it.c ****   *
   8:Core/Src/stm32f1xx_it.c ****   * COPYRIGHT(c) 2019 STMicroelectronics
   9:Core/Src/stm32f1xx_it.c ****   *
  10:Core/Src/stm32f1xx_it.c ****   * Redistribution and use in source and binary forms, with or without modification,
  11:Core/Src/stm32f1xx_it.c ****   * are permitted provided that the following conditions are met:
  12:Core/Src/stm32f1xx_it.c ****   *   1. Redistributions of source code must retain the above copyright notice,
  13:Core/Src/stm32f1xx_it.c ****   *      this list of conditions and the following disclaimer.
  14:Core/Src/stm32f1xx_it.c ****   *   2. Redistributions in binary form must reproduce the above copyright notice,
  15:Core/Src/stm32f1xx_it.c ****   *      this list of conditions and the following disclaimer in the documentation
  16:Core/Src/stm32f1xx_it.c ****   *      and/or other materials provided with the distribution.
  17:Core/Src/stm32f1xx_it.c ****   *   3. Neither the name of STMicroelectronics nor the names of its contributors
  18:Core/Src/stm32f1xx_it.c ****   *      may be used to endorse or promote products derived from this software
  19:Core/Src/stm32f1xx_it.c ****   *      without specific prior written permission.
  20:Core/Src/stm32f1xx_it.c ****   *
  21:Core/Src/stm32f1xx_it.c ****   * THIS SOFTWARE IS PROVIDED BY THE COPYRIGHT HOLDERS AND CONTRIBUTORS "AS IS"
  22:Core/Src/stm32f1xx_it.c ****   * AND ANY EXPRESS OR IMPLIED WARRANTIES, INCLUDING, BUT NOT LIMITED TO, THE
  23:Core/Src/stm32f1xx_it.c ****   * IMPLIED WARRANTIES OF MERCHANTABILITY AND FITNESS FOR A PARTICULAR PURPOSE ARE
  24:Core/Src/stm32f1xx_it.c ****   * DISCLAIMED. IN NO EVENT SHALL THE COPYRIGHT HOLDER OR CONTRIBUTORS BE LIABLE
  25:Core/Src/stm32f1xx_it.c ****   * FOR ANY DIRECT, INDIRECT, INCIDENTAL, SPECIAL, EXEMPLARY, OR CONSEQUENTIAL
  26:Core/Src/stm32f1xx_it.c ****   * DAMAGES (INCLUDING, BUT NOT LIMITED TO, PROCUREMENT OF SUBSTITUTE GOODS OR
  27:Core/Src/stm32f1xx_it.c ****   * SERVICES; LOSS OF USE, DATA, OR PROFITS; OR BUSINESS INTERRUPTION) HOWEVER
  28:Core/Src/stm32f1xx_it.c ****   * CAUSED AND ON ANY THEORY OF LIABILITY, WHETHER IN CONTRACT, STRICT LIABILITY,
  29:Core/Src/stm32f1xx_it.c ****   * OR TORT (INCLUDING NEGLIGENCE OR OTHERWISE) ARISING IN ANY WAY OUT OF THE USE
  30:Core/Src/stm32f1xx_it.c ****   * OF THIS SOFTWARE, EVEN IF ADVISED OF THE POSSIBILITY OF SUCH DAMAGE.
  31:Core/Src/stm32f1xx_it.c ****   *
  32:Core/Src/stm32f1xx_it.c ****   ******************************************************************************
  33:Core/Src/stm32f1xx_it.c ****   */
ARM GAS  C:\Users\MARTIN~2\AppData\Local\Temp\ccBtNa53.s 			page 2


  34:Core/Src/stm32f1xx_it.c **** /* USER CODE END Header */
  35:Core/Src/stm32f1xx_it.c **** 
  36:Core/Src/stm32f1xx_it.c **** /* Includes ------------------------------------------------------------------*/
  37:Core/Src/stm32f1xx_it.c **** #include "main.h"
  38:Core/Src/stm32f1xx_it.c **** #include "stm32f1xx_it.h"
  39:Core/Src/stm32f1xx_it.c **** /* Private includes ----------------------------------------------------------*/
  40:Core/Src/stm32f1xx_it.c **** /* USER CODE BEGIN Includes */
  41:Core/Src/stm32f1xx_it.c **** /* USER CODE END Includes */
  42:Core/Src/stm32f1xx_it.c **** 
  43:Core/Src/stm32f1xx_it.c **** /* Private typedef -----------------------------------------------------------*/
  44:Core/Src/stm32f1xx_it.c **** /* USER CODE BEGIN TD */
  45:Core/Src/stm32f1xx_it.c **** 
  46:Core/Src/stm32f1xx_it.c **** /* USER CODE END TD */
  47:Core/Src/stm32f1xx_it.c **** 
  48:Core/Src/stm32f1xx_it.c **** /* Private define ------------------------------------------------------------*/
  49:Core/Src/stm32f1xx_it.c **** /* USER CODE BEGIN PD */
  50:Core/Src/stm32f1xx_it.c ****  
  51:Core/Src/stm32f1xx_it.c **** /* USER CODE END PD */
  52:Core/Src/stm32f1xx_it.c **** 
  53:Core/Src/stm32f1xx_it.c **** /* Private macro -------------------------------------------------------------*/
  54:Core/Src/stm32f1xx_it.c **** /* USER CODE BEGIN PM */
  55:Core/Src/stm32f1xx_it.c **** 
  56:Core/Src/stm32f1xx_it.c **** /* USER CODE END PM */
  57:Core/Src/stm32f1xx_it.c **** 
  58:Core/Src/stm32f1xx_it.c **** /* Private variables ---------------------------------------------------------*/
  59:Core/Src/stm32f1xx_it.c **** /* USER CODE BEGIN PV */
  60:Core/Src/stm32f1xx_it.c **** 
  61:Core/Src/stm32f1xx_it.c **** /* USER CODE END PV */
  62:Core/Src/stm32f1xx_it.c **** 
  63:Core/Src/stm32f1xx_it.c **** /* Private function prototypes -----------------------------------------------*/
  64:Core/Src/stm32f1xx_it.c **** /* USER CODE BEGIN PFP */
  65:Core/Src/stm32f1xx_it.c **** 
  66:Core/Src/stm32f1xx_it.c **** /* USER CODE END PFP */
  67:Core/Src/stm32f1xx_it.c **** 
  68:Core/Src/stm32f1xx_it.c **** /* Private user code ---------------------------------------------------------*/
  69:Core/Src/stm32f1xx_it.c **** /* USER CODE BEGIN 0 */
  70:Core/Src/stm32f1xx_it.c **** 
  71:Core/Src/stm32f1xx_it.c **** /* USER CODE END 0 */
  72:Core/Src/stm32f1xx_it.c **** 
  73:Core/Src/stm32f1xx_it.c **** /* External variables --------------------------------------------------------*/
  74:Core/Src/stm32f1xx_it.c **** /* USER CODE BEGIN EV */
  75:Core/Src/stm32f1xx_it.c **** 
  76:Core/Src/stm32f1xx_it.c **** /* USER CODE END EV */
  77:Core/Src/stm32f1xx_it.c **** 
  78:Core/Src/stm32f1xx_it.c **** /******************************************************************************/
  79:Core/Src/stm32f1xx_it.c **** /*           Cortex-M3 Processor Interruption and Exception Handlers          */ 
  80:Core/Src/stm32f1xx_it.c **** /******************************************************************************/
  81:Core/Src/stm32f1xx_it.c **** /**
  82:Core/Src/stm32f1xx_it.c ****   * @brief This function handles Non maskable interrupt.
  83:Core/Src/stm32f1xx_it.c ****   */
  84:Core/Src/stm32f1xx_it.c **** void NMI_Handler(void)
  85:Core/Src/stm32f1xx_it.c **** {
  26              		.loc 1 85 0
  27              		.cfi_startproc
  28              		@ args = 0, pretend = 0, frame = 0
  29              		@ frame_needed = 0, uses_anonymous_args = 0
  30              		@ link register save eliminated.
ARM GAS  C:\Users\MARTIN~2\AppData\Local\Temp\ccBtNa53.s 			page 3


  86:Core/Src/stm32f1xx_it.c ****   /* USER CODE BEGIN NonMaskableInt_IRQn 0 */
  87:Core/Src/stm32f1xx_it.c **** 
  88:Core/Src/stm32f1xx_it.c ****   /* USER CODE END NonMaskableInt_IRQn 0 */
  89:Core/Src/stm32f1xx_it.c ****   /* USER CODE BEGIN NonMaskableInt_IRQn 1 */
  90:Core/Src/stm32f1xx_it.c **** 
  91:Core/Src/stm32f1xx_it.c ****   /* USER CODE END NonMaskableInt_IRQn 1 */
  92:Core/Src/stm32f1xx_it.c **** }
  31              		.loc 1 92 0
  32 0000 7047     		bx	lr
  33              		.cfi_endproc
  34              	.LFE66:
  36              		.section	.text.HardFault_Handler,"ax",%progbits
  37              		.align	1
  38              		.global	HardFault_Handler
  39              		.syntax unified
  40              		.thumb
  41              		.thumb_func
  42              		.fpu softvfp
  44              	HardFault_Handler:
  45              	.LFB67:
  93:Core/Src/stm32f1xx_it.c **** 
  94:Core/Src/stm32f1xx_it.c **** /**
  95:Core/Src/stm32f1xx_it.c ****   * @brief This function handles Hard fault interrupt.
  96:Core/Src/stm32f1xx_it.c ****   */
  97:Core/Src/stm32f1xx_it.c **** void HardFault_Handler(void)
  98:Core/Src/stm32f1xx_it.c **** {
  46              		.loc 1 98 0
  47              		.cfi_startproc
  48              		@ Volatile: function does not return.
  49              		@ args = 0, pretend = 0, frame = 0
  50              		@ frame_needed = 0, uses_anonymous_args = 0
  51              		@ link register save eliminated.
  52              	.L3:
  53 0000 FEE7     		b	.L3
  54              		.cfi_endproc
  55              	.LFE67:
  57              		.section	.text.MemManage_Handler,"ax",%progbits
  58              		.align	1
  59              		.global	MemManage_Handler
  60              		.syntax unified
  61              		.thumb
  62              		.thumb_func
  63              		.fpu softvfp
  65              	MemManage_Handler:
  66              	.LFB68:
  99:Core/Src/stm32f1xx_it.c ****   /* USER CODE BEGIN HardFault_IRQn 0 */
 100:Core/Src/stm32f1xx_it.c **** 
 101:Core/Src/stm32f1xx_it.c ****   /* USER CODE END HardFault_IRQn 0 */
 102:Core/Src/stm32f1xx_it.c ****   while (1)
 103:Core/Src/stm32f1xx_it.c ****   {
 104:Core/Src/stm32f1xx_it.c ****     /* USER CODE BEGIN W1_HardFault_IRQn 0 */
 105:Core/Src/stm32f1xx_it.c ****     /* USER CODE END W1_HardFault_IRQn 0 */
 106:Core/Src/stm32f1xx_it.c ****   }
 107:Core/Src/stm32f1xx_it.c **** }
 108:Core/Src/stm32f1xx_it.c **** 
 109:Core/Src/stm32f1xx_it.c **** /**
 110:Core/Src/stm32f1xx_it.c ****   * @brief This function handles Memory management fault.
ARM GAS  C:\Users\MARTIN~2\AppData\Local\Temp\ccBtNa53.s 			page 4


 111:Core/Src/stm32f1xx_it.c ****   */
 112:Core/Src/stm32f1xx_it.c **** void MemManage_Handler(void)
 113:Core/Src/stm32f1xx_it.c **** {
  67              		.loc 1 113 0
  68              		.cfi_startproc
  69              		@ Volatile: function does not return.
  70              		@ args = 0, pretend = 0, frame = 0
  71              		@ frame_needed = 0, uses_anonymous_args = 0
  72              		@ link register save eliminated.
  73              	.L5:
  74 0000 FEE7     		b	.L5
  75              		.cfi_endproc
  76              	.LFE68:
  78              		.section	.text.BusFault_Handler,"ax",%progbits
  79              		.align	1
  80              		.global	BusFault_Handler
  81              		.syntax unified
  82              		.thumb
  83              		.thumb_func
  84              		.fpu softvfp
  86              	BusFault_Handler:
  87              	.LFB69:
 114:Core/Src/stm32f1xx_it.c ****   /* USER CODE BEGIN MemoryManagement_IRQn 0 */
 115:Core/Src/stm32f1xx_it.c **** 
 116:Core/Src/stm32f1xx_it.c ****   /* USER CODE END MemoryManagement_IRQn 0 */
 117:Core/Src/stm32f1xx_it.c ****   while (1)
 118:Core/Src/stm32f1xx_it.c ****   {
 119:Core/Src/stm32f1xx_it.c ****     /* USER CODE BEGIN W1_MemoryManagement_IRQn 0 */
 120:Core/Src/stm32f1xx_it.c ****     /* USER CODE END W1_MemoryManagement_IRQn 0 */
 121:Core/Src/stm32f1xx_it.c ****   }
 122:Core/Src/stm32f1xx_it.c **** }
 123:Core/Src/stm32f1xx_it.c **** 
 124:Core/Src/stm32f1xx_it.c **** /**
 125:Core/Src/stm32f1xx_it.c ****   * @brief This function handles Prefetch fault, memory access fault.
 126:Core/Src/stm32f1xx_it.c ****   */
 127:Core/Src/stm32f1xx_it.c **** void BusFault_Handler(void)
 128:Core/Src/stm32f1xx_it.c **** {
  88              		.loc 1 128 0
  89              		.cfi_startproc
  90              		@ Volatile: function does not return.
  91              		@ args = 0, pretend = 0, frame = 0
  92              		@ frame_needed = 0, uses_anonymous_args = 0
  93              		@ link register save eliminated.
  94              	.L7:
  95 0000 FEE7     		b	.L7
  96              		.cfi_endproc
  97              	.LFE69:
  99              		.section	.text.UsageFault_Handler,"ax",%progbits
 100              		.align	1
 101              		.global	UsageFault_Handler
 102              		.syntax unified
 103              		.thumb
 104              		.thumb_func
 105              		.fpu softvfp
 107              	UsageFault_Handler:
 108              	.LFB70:
 129:Core/Src/stm32f1xx_it.c ****   /* USER CODE BEGIN BusFault_IRQn 0 */
ARM GAS  C:\Users\MARTIN~2\AppData\Local\Temp\ccBtNa53.s 			page 5


 130:Core/Src/stm32f1xx_it.c **** 
 131:Core/Src/stm32f1xx_it.c ****   /* USER CODE END BusFault_IRQn 0 */
 132:Core/Src/stm32f1xx_it.c ****   while (1)
 133:Core/Src/stm32f1xx_it.c ****   {
 134:Core/Src/stm32f1xx_it.c ****     /* USER CODE BEGIN W1_BusFault_IRQn 0 */
 135:Core/Src/stm32f1xx_it.c ****     /* USER CODE END W1_BusFault_IRQn 0 */
 136:Core/Src/stm32f1xx_it.c ****   }
 137:Core/Src/stm32f1xx_it.c **** }
 138:Core/Src/stm32f1xx_it.c **** 
 139:Core/Src/stm32f1xx_it.c **** /**
 140:Core/Src/stm32f1xx_it.c ****   * @brief This function handles Undefined instruction or illegal state.
 141:Core/Src/stm32f1xx_it.c ****   */
 142:Core/Src/stm32f1xx_it.c **** void UsageFault_Handler(void)
 143:Core/Src/stm32f1xx_it.c **** {
 109              		.loc 1 143 0
 110              		.cfi_startproc
 111              		@ Volatile: function does not return.
 112              		@ args = 0, pretend = 0, frame = 0
 113              		@ frame_needed = 0, uses_anonymous_args = 0
 114              		@ link register save eliminated.
 115              	.L9:
 116 0000 FEE7     		b	.L9
 117              		.cfi_endproc
 118              	.LFE70:
 120              		.section	.text.SVC_Handler,"ax",%progbits
 121              		.align	1
 122              		.global	SVC_Handler
 123              		.syntax unified
 124              		.thumb
 125              		.thumb_func
 126              		.fpu softvfp
 128              	SVC_Handler:
 129              	.LFB71:
 144:Core/Src/stm32f1xx_it.c ****   /* USER CODE BEGIN UsageFault_IRQn 0 */
 145:Core/Src/stm32f1xx_it.c **** 
 146:Core/Src/stm32f1xx_it.c ****   /* USER CODE END UsageFault_IRQn 0 */
 147:Core/Src/stm32f1xx_it.c ****   while (1)
 148:Core/Src/stm32f1xx_it.c ****   {
 149:Core/Src/stm32f1xx_it.c ****     /* USER CODE BEGIN W1_UsageFault_IRQn 0 */
 150:Core/Src/stm32f1xx_it.c ****     /* USER CODE END W1_UsageFault_IRQn 0 */
 151:Core/Src/stm32f1xx_it.c ****   }
 152:Core/Src/stm32f1xx_it.c **** }
 153:Core/Src/stm32f1xx_it.c **** 
 154:Core/Src/stm32f1xx_it.c **** /**
 155:Core/Src/stm32f1xx_it.c ****   * @brief This function handles System service call via SWI instruction.
 156:Core/Src/stm32f1xx_it.c ****   */
 157:Core/Src/stm32f1xx_it.c **** void SVC_Handler(void)
 158:Core/Src/stm32f1xx_it.c **** {
 130              		.loc 1 158 0
 131              		.cfi_startproc
 132              		@ args = 0, pretend = 0, frame = 0
 133              		@ frame_needed = 0, uses_anonymous_args = 0
 134              		@ link register save eliminated.
 159:Core/Src/stm32f1xx_it.c ****   /* USER CODE BEGIN SVCall_IRQn 0 */
 160:Core/Src/stm32f1xx_it.c **** 
 161:Core/Src/stm32f1xx_it.c ****   /* USER CODE END SVCall_IRQn 0 */
 162:Core/Src/stm32f1xx_it.c ****   /* USER CODE BEGIN SVCall_IRQn 1 */
ARM GAS  C:\Users\MARTIN~2\AppData\Local\Temp\ccBtNa53.s 			page 6


 163:Core/Src/stm32f1xx_it.c **** 
 164:Core/Src/stm32f1xx_it.c ****   /* USER CODE END SVCall_IRQn 1 */
 165:Core/Src/stm32f1xx_it.c **** }
 135              		.loc 1 165 0
 136 0000 7047     		bx	lr
 137              		.cfi_endproc
 138              	.LFE71:
 140              		.section	.text.DebugMon_Handler,"ax",%progbits
 141              		.align	1
 142              		.global	DebugMon_Handler
 143              		.syntax unified
 144              		.thumb
 145              		.thumb_func
 146              		.fpu softvfp
 148              	DebugMon_Handler:
 149              	.LFB72:
 166:Core/Src/stm32f1xx_it.c **** 
 167:Core/Src/stm32f1xx_it.c **** /**
 168:Core/Src/stm32f1xx_it.c ****   * @brief This function handles Debug monitor.
 169:Core/Src/stm32f1xx_it.c ****   */
 170:Core/Src/stm32f1xx_it.c **** void DebugMon_Handler(void)
 171:Core/Src/stm32f1xx_it.c **** {
 150              		.loc 1 171 0
 151              		.cfi_startproc
 152              		@ args = 0, pretend = 0, frame = 0
 153              		@ frame_needed = 0, uses_anonymous_args = 0
 154              		@ link register save eliminated.
 172:Core/Src/stm32f1xx_it.c ****   /* USER CODE BEGIN DebugMonitor_IRQn 0 */
 173:Core/Src/stm32f1xx_it.c **** 
 174:Core/Src/stm32f1xx_it.c ****   /* USER CODE END DebugMonitor_IRQn 0 */
 175:Core/Src/stm32f1xx_it.c ****   /* USER CODE BEGIN DebugMonitor_IRQn 1 */
 176:Core/Src/stm32f1xx_it.c **** 
 177:Core/Src/stm32f1xx_it.c ****   /* USER CODE END DebugMonitor_IRQn 1 */
 178:Core/Src/stm32f1xx_it.c **** }
 155              		.loc 1 178 0
 156 0000 7047     		bx	lr
 157              		.cfi_endproc
 158              	.LFE72:
 160              		.section	.text.PendSV_Handler,"ax",%progbits
 161              		.align	1
 162              		.global	PendSV_Handler
 163              		.syntax unified
 164              		.thumb
 165              		.thumb_func
 166              		.fpu softvfp
 168              	PendSV_Handler:
 169              	.LFB73:
 179:Core/Src/stm32f1xx_it.c **** 
 180:Core/Src/stm32f1xx_it.c **** /**
 181:Core/Src/stm32f1xx_it.c ****   * @brief This function handles Pendable request for system service.
 182:Core/Src/stm32f1xx_it.c ****   */
 183:Core/Src/stm32f1xx_it.c **** void PendSV_Handler(void)
 184:Core/Src/stm32f1xx_it.c **** {
 170              		.loc 1 184 0
 171              		.cfi_startproc
 172              		@ args = 0, pretend = 0, frame = 0
 173              		@ frame_needed = 0, uses_anonymous_args = 0
ARM GAS  C:\Users\MARTIN~2\AppData\Local\Temp\ccBtNa53.s 			page 7


 174              		@ link register save eliminated.
 185:Core/Src/stm32f1xx_it.c ****   /* USER CODE BEGIN PendSV_IRQn 0 */
 186:Core/Src/stm32f1xx_it.c **** 
 187:Core/Src/stm32f1xx_it.c ****   /* USER CODE END PendSV_IRQn 0 */
 188:Core/Src/stm32f1xx_it.c ****   /* USER CODE BEGIN PendSV_IRQn 1 */
 189:Core/Src/stm32f1xx_it.c **** 
 190:Core/Src/stm32f1xx_it.c ****   /* USER CODE END PendSV_IRQn 1 */
 191:Core/Src/stm32f1xx_it.c **** }
 175              		.loc 1 191 0
 176 0000 7047     		bx	lr
 177              		.cfi_endproc
 178              	.LFE73:
 180              		.section	.text.SysTick_Handler,"ax",%progbits
 181              		.align	1
 182              		.global	SysTick_Handler
 183              		.syntax unified
 184              		.thumb
 185              		.thumb_func
 186              		.fpu softvfp
 188              	SysTick_Handler:
 189              	.LFB74:
 192:Core/Src/stm32f1xx_it.c **** 
 193:Core/Src/stm32f1xx_it.c **** /**
 194:Core/Src/stm32f1xx_it.c ****   * @brief This function handles System tick timer.
 195:Core/Src/stm32f1xx_it.c ****   */
 196:Core/Src/stm32f1xx_it.c **** void SysTick_Handler(void)
 197:Core/Src/stm32f1xx_it.c **** {
 190              		.loc 1 197 0
 191              		.cfi_startproc
 192              		@ args = 0, pretend = 0, frame = 0
 193              		@ frame_needed = 0, uses_anonymous_args = 0
 194 0000 08B5     		push	{r3, lr}
 195              	.LCFI0:
 196              		.cfi_def_cfa_offset 8
 197              		.cfi_offset 3, -8
 198              		.cfi_offset 14, -4
 198:Core/Src/stm32f1xx_it.c ****   /* USER CODE BEGIN SysTick_IRQn 0 */
 199:Core/Src/stm32f1xx_it.c **** 
 200:Core/Src/stm32f1xx_it.c ****   /* USER CODE END SysTick_IRQn 0 */
 201:Core/Src/stm32f1xx_it.c ****   HAL_IncTick();
 199              		.loc 1 201 0
 200 0002 FFF7FEFF 		bl	HAL_IncTick
 201              	.LVL0:
 202:Core/Src/stm32f1xx_it.c ****   /* USER CODE BEGIN SysTick_IRQn 1 */
 203:Core/Src/stm32f1xx_it.c **** 
 204:Core/Src/stm32f1xx_it.c ****   /* USER CODE END SysTick_IRQn 1 */
 205:Core/Src/stm32f1xx_it.c **** }
 202              		.loc 1 205 0
 203 0006 08BD     		pop	{r3, pc}
 204              		.cfi_endproc
 205              	.LFE74:
 207              		.text
 208              	.Letext0:
 209              		.file 2 "d:\\development\\tools\\win-gcc-arm-none-eabi\\arm-none-eabi\\include\\machine\\_default_
 210              		.file 3 "d:\\development\\tools\\win-gcc-arm-none-eabi\\arm-none-eabi\\include\\sys\\_stdint.h"
 211              		.file 4 "Drivers/CMSIS/Include/core_cm3.h"
 212              		.file 5 "Drivers/CMSIS/Device/ST/STM32F1xx/Include/system_stm32f1xx.h"
ARM GAS  C:\Users\MARTIN~2\AppData\Local\Temp\ccBtNa53.s 			page 8


 213              		.file 6 "d:\\development\\tools\\win-gcc-arm-none-eabi\\arm-none-eabi\\include\\sys\\lock.h"
 214              		.file 7 "d:\\development\\tools\\win-gcc-arm-none-eabi\\arm-none-eabi\\include\\sys\\_types.h"
 215              		.file 8 "d:\\development\\tools\\win-gcc-arm-none-eabi\\lib\\gcc\\arm-none-eabi\\7.3.1\\include\\s
 216              		.file 9 "d:\\development\\tools\\win-gcc-arm-none-eabi\\arm-none-eabi\\include\\sys\\reent.h"
 217              		.file 10 "Drivers/STM32F1xx_HAL_Driver/Inc/stm32f1xx_hal.h"
ARM GAS  C:\Users\MARTIN~2\AppData\Local\Temp\ccBtNa53.s 			page 9


DEFINED SYMBOLS
                            *ABS*:00000000 stm32f1xx_it.c
C:\Users\MARTIN~2\AppData\Local\Temp\ccBtNa53.s:16     .text.NMI_Handler:00000000 $t
C:\Users\MARTIN~2\AppData\Local\Temp\ccBtNa53.s:23     .text.NMI_Handler:00000000 NMI_Handler
C:\Users\MARTIN~2\AppData\Local\Temp\ccBtNa53.s:37     .text.HardFault_Handler:00000000 $t
C:\Users\MARTIN~2\AppData\Local\Temp\ccBtNa53.s:44     .text.HardFault_Handler:00000000 HardFault_Handler
C:\Users\MARTIN~2\AppData\Local\Temp\ccBtNa53.s:58     .text.MemManage_Handler:00000000 $t
C:\Users\MARTIN~2\AppData\Local\Temp\ccBtNa53.s:65     .text.MemManage_Handler:00000000 MemManage_Handler
C:\Users\MARTIN~2\AppData\Local\Temp\ccBtNa53.s:79     .text.BusFault_Handler:00000000 $t
C:\Users\MARTIN~2\AppData\Local\Temp\ccBtNa53.s:86     .text.BusFault_Handler:00000000 BusFault_Handler
C:\Users\MARTIN~2\AppData\Local\Temp\ccBtNa53.s:100    .text.UsageFault_Handler:00000000 $t
C:\Users\MARTIN~2\AppData\Local\Temp\ccBtNa53.s:107    .text.UsageFault_Handler:00000000 UsageFault_Handler
C:\Users\MARTIN~2\AppData\Local\Temp\ccBtNa53.s:121    .text.SVC_Handler:00000000 $t
C:\Users\MARTIN~2\AppData\Local\Temp\ccBtNa53.s:128    .text.SVC_Handler:00000000 SVC_Handler
C:\Users\MARTIN~2\AppData\Local\Temp\ccBtNa53.s:141    .text.DebugMon_Handler:00000000 $t
C:\Users\MARTIN~2\AppData\Local\Temp\ccBtNa53.s:148    .text.DebugMon_Handler:00000000 DebugMon_Handler
C:\Users\MARTIN~2\AppData\Local\Temp\ccBtNa53.s:161    .text.PendSV_Handler:00000000 $t
C:\Users\MARTIN~2\AppData\Local\Temp\ccBtNa53.s:168    .text.PendSV_Handler:00000000 PendSV_Handler
C:\Users\MARTIN~2\AppData\Local\Temp\ccBtNa53.s:181    .text.SysTick_Handler:00000000 $t
C:\Users\MARTIN~2\AppData\Local\Temp\ccBtNa53.s:188    .text.SysTick_Handler:00000000 SysTick_Handler

UNDEFINED SYMBOLS
HAL_IncTick
